WARNING: GCC/9.3.0 cannot be loaded due to a conflict.
HINT: Might try "module unload gcc" first.
Submitted batch job 5853411
Submitted batch job 5853412
Submitted batch job 5853413
Submitted batch job 5853414
Submitted batch job 5853415
Submitted batch job 5853416
Submitted batch job 5853417
Submitted batch job 5853418
Submitted batch job 5853419
Submitted batch job 5853420
Submitted batch job 5853421
Submitted batch job 5853422
Submitted batch job 5853423
Submitted batch job 5853424
Submitted batch job 5853425
Submitted batch job 5853426
Submitted batch job 5853427
Submitted batch job 5853428
Submitted batch job 5853429
Submitted batch job 5853430
Submitted batch job 5853431
Submitted batch job 5853432
Submitted batch job 5853433
Submitted batch job 5853434
Submitted batch job 5853435
Submitted batch job 5853436
Submitted batch job 5853437
Submitted batch job 5853438
Submitted batch job 5853439
Submitted batch job 5853440
Submitted batch job 5853441
Submitted batch job 5853442
Submitted batch job 5853443
Submitted batch job 5853444
Submitted batch job 5853445
Submitted batch job 5853446
Submitted batch job 5853447
Submitted batch job 5853448
Submitted batch job 5853449
Submitted batch job 5853450
Submitted batch job 5853451
Submitted batch job 5853452
Submitted batch job 5853453
Submitted batch job 5853454
sbatch: error: Batch job submission failed: Requested node configuration is not available
sbatch: error: Batch job submission failed: Requested node configuration is not available
sbatch: error: Batch job submission failed: Requested node configuration is not available
sbatch: error: Batch job submission failed: Requested node configuration is not available
sbatch: error: Batch job submission failed: Requested node configuration is not available
sbatch: error: Batch job submission failed: Requested node configuration is not available
sbatch: error: Batch job submission failed: Requested node configuration is not available
sbatch: error: Batch job submission failed: Requested node configuration is not available
sbatch: error: Batch job submission failed: Requested node configuration is not available
sbatch: error: Batch job submission failed: Requested node configuration is not available
sbatch: error: Batch job submission failed: Requested node configuration is not available
sbatch: error: Batch job submission failed: Requested node configuration is not available
sbatch: error: Batch job submission failed: Requested node configuration is not available
sbatch: error: Batch job submission failed: Requested node configuration is not available
sbatch: error: Batch job submission failed: Requested node configuration is not available
sbatch: error: Batch job submission failed: Requested node configuration is not available
sbatch: error: Batch job submission failed: Requested node configuration is not available
sbatch: error: Batch job submission failed: Requested node configuration is not available
sbatch: error: Batch job submission failed: Requested node configuration is not available
sbatch: error: Batch job submission failed: Requested node configuration is not available
sbatch: error: Batch job submission failed: Requested node configuration is not available
sbatch: error: Batch job submission failed: Requested node configuration is not available
sbatch: error: Batch job submission failed: Requested node configuration is not available
sbatch: error: Batch job submission failed: Requested node configuration is not available
sbatch: error: Batch job submission failed: Requested node configuration is not available
sbatch: error: Batch job submission failed: Requested node configuration is not available
sbatch: error: Batch job submission failed: Requested node configuration is not available
sbatch: error: Batch job submission failed: Requested node configuration is not available
sbatch: error: Batch job submission failed: Requested node configuration is not available
sbatch: error: Batch job submission failed: Requested node configuration is not available
sbatch: error: Batch job submission failed: Requested node configuration is not available
sbatch: error: Batch job submission failed: Requested node configuration is not available
sbatch: error: Batch job submission failed: Requested node configuration is not available
sbatch: error: Batch job submission failed: Requested node configuration is not available
sbatch: error: Batch job submission failed: Requested node configuration is not available
sbatch: error: Batch job submission failed: Requested node configuration is not available
sbatch: error: Batch job submission failed: Requested node configuration is not available
sbatch: error: Batch job submission failed: Requested node configuration is not available
sbatch: error: Batch job submission failed: Requested node configuration is not available
sbatch: error: Batch job submission failed: Requested node configuration is not available
sbatch: error: Batch job submission failed: Requested node configuration is not available
sbatch: error: Batch job submission failed: Requested node configuration is not available
sbatch: error: Batch job submission failed: Requested node configuration is not available
sbatch: error: Batch job submission failed: Requested node configuration is not available
sbatch: error: Batch job submission failed: Requested node configuration is not available
sbatch: error: Batch job submission failed: Requested node configuration is not available
sbatch: error: Batch job submission failed: Requested node configuration is not available
sbatch: error: Batch job submission failed: Requested node configuration is not available
sbatch: error: Batch job submission failed: Requested node configuration is not available
sbatch: error: Batch job submission failed: Requested node configuration is not available
sbatch: error: Batch job submission failed: Requested node configuration is not available
sbatch: error: Batch job submission failed: Requested node configuration is not available
sbatch: error: Batch job submission failed: Requested node configuration is not available
sbatch: error: Batch job submission failed: Requested node configuration is not available
sbatch: error: Batch job submission failed: Requested node configuration is not available
sbatch: error: Batch job submission failed: Requested node configuration is not available
sbatch: error: Batch job submission failed: Requested node configuration is not available
sbatch: error: Batch job submission failed: Requested node configuration is not available
sbatch: error: Batch job submission failed: Requested node configuration is not available
sbatch: error: Batch job submission failed: Requested node configuration is not available
sbatch: error: Batch job submission failed: Requested node configuration is not available
sbatch: error: Batch job submission failed: Requested node configuration is not available
sbatch: error: Batch job submission failed: Requested node configuration is not available
sbatch: error: Batch job submission failed: Requested node configuration is not available
sbatch: error: Batch job submission failed: Requested node configuration is not available
sbatch: error: Batch job submission failed: Requested node configuration is not available
sbatch: error: Batch job submission failed: Requested node configuration is not available
sbatch: error: Batch job submission failed: Requested node configuration is not available
sbatch: error: Batch job submission failed: Requested node configuration is not available
sbatch: error: Batch job submission failed: Requested node configuration is not available
sbatch: error: Batch job submission failed: Requested node configuration is not available
sbatch: error: Batch job submission failed: Requested node configuration is not available
sbatch: error: Batch job submission failed: Requested node configuration is not available
sbatch: error: Batch job submission failed: Requested node configuration is not available
sbatch: error: Batch job submission failed: Requested node configuration is not available
sbatch: error: Batch job submission failed: Requested node configuration is not available
sbatch: error: Batch job submission failed: Requested node configuration is not available
sbatch: error: Batch job submission failed: Requested node configuration is not available
sbatch: error: Batch job submission failed: Requested node configuration is not available
sbatch: error: Batch job submission failed: Requested node configuration is not available
sbatch: error: Batch job submission failed: Requested node configuration is not available
sbatch: error: Batch job submission failed: Requested node configuration is not available
sbatch: error: Batch job submission failed: Requested node configuration is not available
sbatch: error: Batch job submission failed: Requested node configuration is not available
SLURM scripts submitted for varying the number of cores.
