WARNING: GCC/9.3.0 cannot be loaded due to a conflict.
HINT: Might try "module unload gcc" first.
sbatch: error: Batch job submission failed: Requested node configuration is not available
sbatch: error: Batch job submission failed: Requested node configuration is not available
sbatch: error: Batch job submission failed: Requested node configuration is not available
sbatch: error: Batch job submission failed: Requested node configuration is not available
sbatch: error: Batch job submission failed: Requested node configuration is not available
sbatch: error: Batch job submission failed: Requested node configuration is not available
sbatch: error: Batch job submission failed: Requested node configuration is not available
sbatch: error: Batch job submission failed: Requested node configuration is not available
sbatch: error: Batch job submission failed: Requested node configuration is not available
sbatch: error: Batch job submission failed: Requested node configuration is not available
sbatch: error: Batch job submission failed: Requested node configuration is not available
sbatch: error: Batch job submission failed: Requested node configuration is not available
sbatch: error: Batch job submission failed: Requested node configuration is not available
sbatch: error: Batch job submission failed: Requested node configuration is not available
sbatch: error: Batch job submission failed: Requested node configuration is not available
sbatch: error: Batch job submission failed: Requested node configuration is not available
sbatch: error: Batch job submission failed: Requested node configuration is not available
sbatch: error: Batch job submission failed: Requested node configuration is not available
sbatch: error: Batch job submission failed: Requested node configuration is not available
sbatch: error: Batch job submission failed: Requested node configuration is not available
sbatch: error: Batch job submission failed: Requested node configuration is not available
sbatch: error: Batch job submission failed: Requested node configuration is not available
sbatch: error: Batch job submission failed: Requested node configuration is not available
sbatch: error: Batch job submission failed: Requested node configuration is not available
sbatch: error: Batch job submission failed: Requested node configuration is not available
sbatch: error: Batch job submission failed: Requested node configuration is not available
sbatch: error: Batch job submission failed: Requested node configuration is not available
sbatch: error: Batch job submission failed: Requested node configuration is not available
sbatch: error: Batch job submission failed: Requested node configuration is not available
sbatch: error: Batch job submission failed: Requested node configuration is not available
sbatch: error: Batch job submission failed: Requested node configuration is not available
sbatch: error: Batch job submission failed: Requested node configuration is not available
sbatch: error: Batch job submission failed: Requested node configuration is not available
sbatch: error: Batch job submission failed: Requested node configuration is not available
sbatch: error: Batch job submission failed: Requested node configuration is not available
sbatch: error: Batch job submission failed: Requested node configuration is not available
sbatch: error: Batch job submission failed: Requested node configuration is not available
sbatch: error: Batch job submission failed: Requested node configuration is not available
sbatch: error: Batch job submission failed: Requested node configuration is not available
sbatch: error: Batch job submission failed: Requested node configuration is not available
sbatch: error: Batch job submission failed: Requested node configuration is not available
sbatch: error: Batch job submission failed: Requested node configuration is not available
sbatch: error: Batch job submission failed: Requested node configuration is not available
sbatch: error: Batch job submission failed: Requested node configuration is not available
sbatch: error: Batch job submission failed: Requested node configuration is not available
sbatch: error: Batch job submission failed: Requested node configuration is not available
sbatch: error: Batch job submission failed: Requested node configuration is not available
sbatch: error: Batch job submission failed: Requested node configuration is not available
sbatch: error: Batch job submission failed: Requested node configuration is not available
sbatch: error: Batch job submission failed: Requested node configuration is not available
sbatch: error: Batch job submission failed: Requested node configuration is not available
sbatch: error: Batch job submission failed: Requested node configuration is not available
sbatch: error: Batch job submission failed: Requested node configuration is not available
sbatch: error: Batch job submission failed: Requested node configuration is not available
sbatch: error: Batch job submission failed: Requested node configuration is not available
sbatch: error: Batch job submission failed: Requested node configuration is not available
sbatch: error: Batch job submission failed: Requested node configuration is not available
sbatch: error: Batch job submission failed: Requested node configuration is not available
sbatch: error: Batch job submission failed: Requested node configuration is not available
sbatch: error: Batch job submission failed: Requested node configuration is not available
sbatch: error: Batch job submission failed: Requested node configuration is not available
sbatch: error: Batch job submission failed: Requested node configuration is not available
sbatch: error: Batch job submission failed: Requested node configuration is not available
sbatch: error: Batch job submission failed: Requested node configuration is not available
sbatch: error: Batch job submission failed: Requested node configuration is not available
sbatch: error: Batch job submission failed: Requested node configuration is not available
sbatch: error: Batch job submission failed: Requested node configuration is not available
sbatch: error: Batch job submission failed: Requested node configuration is not available
sbatch: error: Batch job submission failed: Requested node configuration is not available
sbatch: error: Batch job submission failed: Requested node configuration is not available
sbatch: error: Batch job submission failed: Requested node configuration is not available
sbatch: error: Batch job submission failed: Requested node configuration is not available
sbatch: error: Batch job submission failed: Requested node configuration is not available
sbatch: error: Batch job submission failed: Requested node configuration is not available
sbatch: error: Batch job submission failed: Requested node configuration is not available
sbatch: error: Batch job submission failed: Requested node configuration is not available
sbatch: error: Batch job submission failed: Requested node configuration is not available
sbatch: error: Batch job submission failed: Requested node configuration is not available
sbatch: error: Batch job submission failed: Requested node configuration is not available
sbatch: error: Batch job submission failed: Requested node configuration is not available
sbatch: error: Batch job submission failed: Requested node configuration is not available
sbatch: error: Batch job submission failed: Requested node configuration is not available
sbatch: error: Batch job submission failed: Requested node configuration is not available
sbatch: error: Batch job submission failed: Requested node configuration is not available
SLURM scripts submitted for varying the number of cores.
CPU times for each run: 5854254 5854256 5854259 5854261 5854263 5854265 5854267 5854269 5854272 5854274 5854276 5854278 5854280 5854282 5854284 5854286 5854288 5854290 5854292 5854295 5854297 5854299 5854301 5854303 5854305 5854307 5854310 5854312 5854314 5854316 5854318 5854320 5854323 5854325 5854327 5854329 5854331 5854333 5854335 5854338 5854340 5854342 5854344 5854346                                                                                    
Number of cores: 128
/cm/local/apps/slurm/var/spool/job5854229/slurm_script: line 40: ./plot_results.py: Permission denied
