WARNING: GCC/9.3.0 cannot be loaded due to a conflict.
HINT: Might try "module unload gcc" first.
Submitted batch job 5853272
Submitted batch job 5853273
Submitted batch job 5853274
Submitted batch job 5853275
Submitted batch job 5853276
Submitted batch job 5853277
Submitted batch job 5853278
Submitted batch job 5853279
Submitted batch job 5853280
Submitted batch job 5853281
Submitted batch job 5853282
Submitted batch job 5853283
Submitted batch job 5853284
Submitted batch job 5853285
Submitted batch job 5853286
Submitted batch job 5853287
Submitted batch job 5853288
Submitted batch job 5853289
Submitted batch job 5853290
Submitted batch job 5853291
Submitted batch job 5853292
Submitted batch job 5853293
Submitted batch job 5853294
Submitted batch job 5853295
Submitted batch job 5853296
Submitted batch job 5853297
Submitted batch job 5853298
Submitted batch job 5853299
Submitted batch job 5853300
Submitted batch job 5853301
Submitted batch job 5853302
Submitted batch job 5853303
Submitted batch job 5853304
Submitted batch job 5853305
Submitted batch job 5853306
Submitted batch job 5853307
Submitted batch job 5853308
Submitted batch job 5853309
Submitted batch job 5853310
Submitted batch job 5853311
Submitted batch job 5853312
Submitted batch job 5853313
Submitted batch job 5853314
Submitted batch job 5853315
sbatch: error: Batch job submission failed: Requested node configuration is not available
sbatch: error: Batch job submission failed: Requested node configuration is not available
sbatch: error: Batch job submission failed: Requested node configuration is not available
sbatch: error: Batch job submission failed: Requested node configuration is not available
sbatch: error: Batch job submission failed: Requested node configuration is not available
sbatch: error: Batch job submission failed: Requested node configuration is not available
sbatch: error: Batch job submission failed: Requested node configuration is not available
sbatch: error: Batch job submission failed: Requested node configuration is not available
sbatch: error: Batch job submission failed: Requested node configuration is not available
sbatch: error: Batch job submission failed: Requested node configuration is not available
sbatch: error: Batch job submission failed: Requested node configuration is not available
sbatch: error: Batch job submission failed: Requested node configuration is not available
sbatch: error: Batch job submission failed: Requested node configuration is not available
sbatch: error: Batch job submission failed: Requested node configuration is not available
sbatch: error: Batch job submission failed: Requested node configuration is not available
sbatch: error: Batch job submission failed: Requested node configuration is not available
sbatch: error: Batch job submission failed: Requested node configuration is not available
sbatch: error: Batch job submission failed: Requested node configuration is not available
sbatch: error: Batch job submission failed: Requested node configuration is not available
sbatch: error: Batch job submission failed: Requested node configuration is not available
sbatch: error: Batch job submission failed: Requested node configuration is not available
sbatch: error: Batch job submission failed: Requested node configuration is not available
sbatch: error: Batch job submission failed: Requested node configuration is not available
sbatch: error: Batch job submission failed: Requested node configuration is not available
sbatch: error: Batch job submission failed: Requested node configuration is not available
sbatch: error: Batch job submission failed: Requested node configuration is not available
sbatch: error: Batch job submission failed: Requested node configuration is not available
sbatch: error: Batch job submission failed: Requested node configuration is not available
sbatch: error: Batch job submission failed: Requested node configuration is not available
sbatch: error: Batch job submission failed: Requested node configuration is not available
sbatch: error: Batch job submission failed: Requested node configuration is not available
sbatch: error: Batch job submission failed: Requested node configuration is not available
sbatch: error: Batch job submission failed: Requested node configuration is not available
sbatch: error: Batch job submission failed: Requested node configuration is not available
sbatch: error: Batch job submission failed: Requested node configuration is not available
sbatch: error: Batch job submission failed: Requested node configuration is not available
sbatch: error: Batch job submission failed: Requested node configuration is not available
sbatch: error: Batch job submission failed: Requested node configuration is not available
sbatch: error: Batch job submission failed: Requested node configuration is not available
sbatch: error: Batch job submission failed: Requested node configuration is not available
sbatch: error: Batch job submission failed: Requested node configuration is not available
sbatch: error: Batch job submission failed: Requested node configuration is not available
sbatch: error: Batch job submission failed: Requested node configuration is not available
sbatch: error: Batch job submission failed: Requested node configuration is not available
sbatch: error: Batch job submission failed: Requested node configuration is not available
sbatch: error: Batch job submission failed: Requested node configuration is not available
sbatch: error: Batch job submission failed: Requested node configuration is not available
sbatch: error: Batch job submission failed: Requested node configuration is not available
sbatch: error: Batch job submission failed: Requested node configuration is not available
sbatch: error: Batch job submission failed: Requested node configuration is not available
sbatch: error: Batch job submission failed: Requested node configuration is not available
sbatch: error: Batch job submission failed: Requested node configuration is not available
sbatch: error: Batch job submission failed: Requested node configuration is not available
sbatch: error: Batch job submission failed: Requested node configuration is not available
sbatch: error: Batch job submission failed: Requested node configuration is not available
sbatch: error: Batch job submission failed: Requested node configuration is not available
sbatch: error: Batch job submission failed: Requested node configuration is not available
sbatch: error: Batch job submission failed: Requested node configuration is not available
sbatch: error: Batch job submission failed: Requested node configuration is not available
sbatch: error: Batch job submission failed: Requested node configuration is not available
sbatch: error: Batch job submission failed: Requested node configuration is not available
sbatch: error: Batch job submission failed: Requested node configuration is not available
sbatch: error: Batch job submission failed: Requested node configuration is not available
sbatch: error: Batch job submission failed: Requested node configuration is not available
sbatch: error: Batch job submission failed: Requested node configuration is not available
sbatch: error: Batch job submission failed: Requested node configuration is not available
sbatch: error: Batch job submission failed: Requested node configuration is not available
sbatch: error: Batch job submission failed: Requested node configuration is not available
sbatch: error: Batch job submission failed: Requested node configuration is not available
sbatch: error: Batch job submission failed: Requested node configuration is not available
sbatch: error: Batch job submission failed: Requested node configuration is not available
sbatch: error: Batch job submission failed: Requested node configuration is not available
sbatch: error: Batch job submission failed: Requested node configuration is not available
sbatch: error: Batch job submission failed: Requested node configuration is not available
sbatch: error: Batch job submission failed: Requested node configuration is not available
sbatch: error: Batch job submission failed: Requested node configuration is not available
sbatch: error: Batch job submission failed: Requested node configuration is not available
sbatch: error: Batch job submission failed: Requested node configuration is not available
sbatch: error: Batch job submission failed: Requested node configuration is not available
sbatch: error: Batch job submission failed: Requested node configuration is not available
sbatch: error: Batch job submission failed: Requested node configuration is not available
sbatch: error: Batch job submission failed: Requested node configuration is not available
sbatch: error: Batch job submission failed: Requested node configuration is not available
sbatch: error: Batch job submission failed: Requested node configuration is not available
SLURM scripts submitted for varying the number of cores.
